# JRE version: OpenJDK Runtime Environment (21.0.3) (build 21.0.3+-12282718-b509.11)
# Java VM: OpenJDK 64-Bit Server VM (21.0.3+-12282718-b509.11, mixed mode, tiered, compressed oops, compressed class ptrs, g1 gc, windows-amd64)
GC Precious Log:
 CardTable entry size: 512
 Card Set container configuration: InlinePtr #cards 4 size 8 Array Of Cards #cards 16 size 48 Howl #buckets 8 coarsen threshold 3686 Howl Bitmap #cards 512 size 80 coarsen threshold 460 Card regions per heap region 1 cards per card region 4096
 CPUs: 4 total, 4 available
 Memory: 4005M
 Large Page Support: Disabled
 NUMA Support: Disabled
 Compressed Oops: Enabled (Zero based)
 Heap Region Size: 2M
 Heap Min Capacity: 8M
 Heap Initial Capacity: 64M
 Heap Max Capacity: 4G
 Pre-touch: Disabled
 Parallel Workers: 4
 Concurrent Workers: 1
 Concurrent Refinement Workers: 4
 Periodic GC: Disabled
Heap:
 garbage-first heap   total 798720K, used 116482K [0x0000000700000000, 0x0000000800000000)
  region size 2048K, 2 young (4096K), 2 survivors (4096K)
 Metaspace       used 146497K, committed 148800K, reserved 1179648K
  class space    used 18822K, committed 19968K, reserved 1048576K
GC Heap History (20 events):
Event: 217.517 GC heap after
{Heap after GC invocations=56 (full 0):
 garbage-first heap   total 522240K, used 99933K [0x0000000700000000, 0x0000000800000000)
  region size 2048K, 2 young (4096K), 2 survivors (4096K)
 Metaspace       used 142591K, committed 144704K, reserved 1179648K
  class space    used 18468K, committed 19520K, reserved 1048576K
}
Event: 222.201 GC heap before
{Heap before GC invocations=56 (full 0):
 garbage-first heap   total 522240K, used 411229K [0x0000000700000000, 0x0000000800000000)
  region size 2048K, 153 young (313344K), 2 survivors (4096K)
 Metaspace       used 142598K, committed 144704K, reserved 1179648K
  class space    used 18468K, committed 19520K, reserved 1048576K
}
Event: 222.321 GC heap after
{Heap after GC invocations=57 (full 0):
 garbage-first heap   total 522240K, used 93594K [0x0000000700000000, 0x0000000800000000)
  region size 2048K, 2 young (4096K), 2 survivors (4096K)
 Metaspace       used 142598K, committed 144704K, reserved 1179648K
  class space    used 18468K, committed 19520K, reserved 1048576K
}
Event: 227.122 GC heap before
{Heap before GC invocations=57 (full 0):
 garbage-first heap   total 522240K, used 402842K [0x0000000700000000, 0x0000000800000000)
  region size 2048K, 153 young (313344K), 2 survivors (4096K)
 Metaspace       used 142602K, committed 144768K, reserved 1179648K
  class space    used 18468K, committed 19520K, reserved 1048576K
}
Event: 227.182 GC heap after
{Heap after GC invocations=58 (full 0):
 garbage-first heap   total 798720K, used 94267K [0x0000000700000000, 0x0000000800000000)
  region size 2048K, 2 young (4096K), 2 survivors (4096K)
 Metaspace       used 142602K, committed 144768K, reserved 1179648K
  class space    used 18468K, committed 19520K, reserved 1048576K
}
Event: 456.490 GC heap before
{Heap before GC invocations=58 (full 0):
 garbage-first heap   total 798720K, used 569403K [0x0000000700000000, 0x0000000800000000)
  region size 2048K, 234 young (479232K), 2 survivors (4096K)
 Metaspace       used 146427K, committed 148672K, reserved 1179648K
  class space    used 18821K, committed 19968K, reserved 1048576K
}
Event: 458.553 GC heap after
{Heap after GC invocations=59 (full 0):
 garbage-first heap   total 798720K, used 108010K [0x0000000700000000, 0x0000000800000000)
  region size 2048K, 8 young (16384K), 8 survivors (16384K)
 Metaspace       used 146427K, committed 148672K, reserved 1179648K
  class space    used 18821K, committed 19968K, reserved 1048576K
}
Event: 458.905 GC heap before
{Heap before GC invocations=59 (full 0):
 garbage-first heap   total 798720K, used 130538K [0x0000000700000000, 0x0000000800000000)
  region size 2048K, 19 young (38912K), 8 survivors (16384K)
 Metaspace       used 146444K, committed 148672K, reserved 1179648K
  class space    used 18821K, committed 19968K, reserved 1048576K
}
Event: 459.085 GC heap after
{Heap after GC invocations=60 (full 0):
 garbage-first heap   total 798720K, used 110381K [0x0000000700000000, 0x0000000800000000)
  region size 2048K, 1 young (2048K), 1 survivors (2048K)
 Metaspace       used 146444K, committed 148672K, reserved 1179648K
  class space    used 18821K, committed 19968K, reserved 1048576K
}
Event: 463.662 GC heap before
{Heap before GC invocations=60 (full 0):
 garbage-first heap   total 798720K, used 349997K [0x0000000700000000, 0x0000000800000000)
  region size 2048K, 119 young (243712K), 1 survivors (2048K)
 Metaspace       used 146467K, committed 148672K, reserved 1179648K
  class space    used 18821K, committed 19968K, reserved 1048576K
}
Event: 463.768 GC heap after
{Heap after GC invocations=61 (full 0):
 garbage-first heap   total 798720K, used 110677K [0x0000000700000000, 0x0000000800000000)
  region size 2048K, 2 young (4096K), 2 survivors (4096K)
 Metaspace       used 146467K, committed 148672K, reserved 1179648K
  class space    used 18821K, committed 19968K, reserved 1048576K
}
Event: 465.486 GC heap before
{Heap before GC invocations=61 (full 0):
 garbage-first heap   total 798720K, used 348245K [0x0000000700000000, 0x0000000800000000)
  region size 2048K, 118 young (241664K), 2 survivors (4096K)
 Metaspace       used 146472K, committed 148672K, reserved 1179648K
  class space    used 18821K, committed 19968K, reserved 1048576K
}
Event: 465.537 GC heap after
{Heap after GC invocations=62 (full 0):
 garbage-first heap   total 798720K, used 112396K [0x0000000700000000, 0x0000000800000000)
  region size 2048K, 2 young (4096K), 2 survivors (4096K)
 Metaspace       used 146472K, committed 148672K, reserved 1179648K
  class space    used 18821K, committed 19968K, reserved 1048576K
}
Event: 469.794 GC heap before
{Heap before GC invocations=62 (full 0):
 garbage-first heap   total 798720K, used 401164K [0x0000000700000000, 0x0000000800000000)
  region size 2048K, 143 young (292864K), 2 survivors (4096K)
 Metaspace       used 146476K, committed 148672K, reserved 1179648K
  class space    used 18822K, committed 19968K, reserved 1048576K
}
Event: 469.953 GC heap after
{Heap after GC invocations=63 (full 0):
 garbage-first heap   total 798720K, used 115596K [0x0000000700000000, 0x0000000800000000)
  region size 2048K, 4 young (8192K), 4 survivors (8192K)
 Metaspace       used 146476K, committed 148672K, reserved 1179648K
  class space    used 18822K, committed 19968K, reserved 1048576K
}
Event: 470.136 GC heap before
{Heap before GC invocations=63 (full 0):
 garbage-first heap   total 798720K, used 146316K [0x0000000700000000, 0x0000000800000000)
  region size 2048K, 19 young (38912K), 4 survivors (8192K)
 Metaspace       used 146477K, committed 148672K, reserved 1179648K
  class space    used 18822K, committed 19968K, reserved 1048576K
}
Event: 470.203 GC heap after
{Heap after GC invocations=64 (full 0):
 garbage-first heap   total 798720K, used 115982K [0x0000000700000000, 0x0000000800000000)
  region size 2048K, 1 young (2048K), 1 survivors (2048K)
 Metaspace       used 146477K, committed 148672K, reserved 1179648K
  class space    used 18822K, committed 19968K, reserved 1048576K
}
Event: 473.466 GC heap before
{Heap before GC invocations=64 (full 0):
 garbage-first heap   total 798720K, used 484622K [0x0000000700000000, 0x0000000800000000)
  region size 2048K, 182 young (372736K), 1 survivors (2048K)
 Metaspace       used 146478K, committed 148736K, reserved 1179648K
  class space    used 18822K, committed 19968K, reserved 1048576K
}
Event: 473.613 GC heap after
{Heap after GC invocations=65 (full 0):
 garbage-first heap   total 798720K, used 117582K [0x0000000700000000, 0x0000000800000000)
  region size 2048K, 2 young (4096K), 2 survivors (4096K)
 Metaspace       used 146478K, committed 148736K, reserved 1179648K
  class space    used 18822K, committed 19968K, reserved 1048576K
}
Event: 477.778 GC heap before
{Heap before GC invocations=65 (full 0):
 garbage-first heap   total 798720K, used 482126K [0x0000000700000000, 0x0000000800000000)
  region size 2048K, 180 young (368640K), 2 survivors (4096K)
 Metaspace       used 146497K, committed 148800K, reserved 1179648K
  class space    used 18822K, committed 19968K, reserved 1048576K
}

